<?xml version="1.0" encoding="UTF-8"?>
<!-- Generated by org.testng.reporters.JUnitXMLReporter -->
<testsuite hostname="HIBACL61426" ignored="0" name="Default test" tests="13" failures="0" timestamp="02 Jan 2019 07:03:50 GMT" time="425.804" errors="0">
  <testcase name="s_VerifyErrorMessageForInvalidEmailId_102" time="6.564" classname="com.shopping.TestCases.FunctionalTestCases"/>
  <testcase name="s_VerifyErrorMessageForNoEmailId_103" time="6.855" classname="com.shopping.TestCases.FunctionalTestCases"/>
  <testcase name="s_VerifyErrorMessageForNoPassword_104" time="7.152" classname="com.shopping.TestCases.FunctionalTestCases"/>
  <testcase name="s_VerifyErrorMessageWhenCurrentPasswordFieldIsEmpty_My_Personal_Info_101" time="16.078" classname="com.shopping.TestCases.FunctionalTestCases"/>
  <testcase name="s_VerifyErrorMessageWhenMandatoryFieldsAreEmpty_Register_101" time="14.754" classname="com.shopping.TestCases.FunctionalTestCases"/>
  <testcase name="s_VerifyErrorWhenRegisteringWithSameEmailAddress_Register_102" time="6.744" classname="com.shopping.TestCases.FunctionalTestCases"/>
  <testcase name="s_VerifyFieldsPresentOnSignInPage_101" time="5.393" classname="com.shopping.TestCases.FunctionalTestCases"/>
  <testcase name="s_VerifyItemsAddedInCartIsDisplayedOnShoppingCartSummaryPage_CartSummary_101" time="27.393" classname="com.shopping.TestCases.FunctionalTestCases"/>
  <testcase name="s_VerifyUserIsAbleToLoginSuccessfully_105" time="9.074" classname="com.shopping.TestCases.FunctionalTestCases"/>
  <testcase name="s_VerifyUserIsAbleToPlaceOrderSuccessfully_E2E_101" time="40.828" classname="com.shopping.TestCases.FunctionalTestCases"/>
  <testcase name="s_VerifyUserIsAbleToRegisterSuccessfully_Register_103" time="9.82" classname="com.shopping.TestCases.FunctionalTestCases"/>
  <testcase name="s_VerifyUserIsAbleToSuccessfullyEditDOB_My_Personal_Info_102" time="17.16" classname="com.shopping.TestCases.FunctionalTestCases"/>
  <testcase name="s_VerifyUserIsAbleToRemoveItemsFromTheShoppingCartSummaryPage_CartSummary_102" time="73.389" classname="com.shopping.TestCases.FunctionalTestCases"/>
</testsuite> <!-- Default test -->
