<?xml version="1.0" encoding="UTF-8"?>
<!-- Generated by org.testng.reporters.JUnitXMLReporter -->
<testsuite hostname="HIBACL61426" ignored="0" name="Shopping" tests="11" failures="0" timestamp="31 Dec 2018 10:08:24 GMT" time="22.699" errors="0">
  <testcase name="@BeforeMethod startBrowser" time="22.618" classname="com.shopping.Config.TestConfig">
    <failure type="org.openqa.selenium.WebDriverException" message="chrome not reachable
  (Session info: chrome=71.0.3578.98)
  (Driver info: chromedriver=2.45.615291 (ec3682e3c9061c10f26ea9e5cdcf3c53f3f74387),platform=Windows NT 10.0.15063 x86_64) (WARNING: The server did not provide any stacktrace information)
Command duration or timeout: 0 milliseconds
Build info: version: &amp;apos;3.141.59&amp;apos;, revision: &amp;apos;e82be7d358&amp;apos;, time: &amp;apos;2018-11-14T08:17:03&amp;apos;
System info: host: &amp;apos;HIBACL61426&amp;apos;, ip: &amp;apos;10.0.237.241&amp;apos;, os.name: &amp;apos;Windows 10&amp;apos;, os.arch: &amp;apos;amd64&amp;apos;, os.version: &amp;apos;10.0&amp;apos;, java.version: &amp;apos;1.8.0_92&amp;apos;
Driver info: org.openqa.selenium.chrome.ChromeDriver
Capabilities {acceptInsecureCerts: false, acceptSslCerts: false, applicationCacheEnabled: false, browserConnectionEnabled: false, browserName: chrome, chrome: {chromedriverVersion: 2.45.615291 (ec3682e3c9061c..., userDataDir: C:\Users\inrdesab\AppData\L...}, cssSelectorsEnabled: true, databaseEnabled: false, goog:chromeOptions: {debuggerAddress: localhost:49985}, handlesAlerts: true, hasTouchScreen: false, javascriptEnabled: true, locationContextEnabled: true, mobileEmulationEnabled: false, nativeEvents: true, networkConnectionEnabled: false, pageLoadStrategy: normal, platform: XP, platformName: XP, proxy: Proxy(), rotatable: false, setWindowRect: true, strictFileInteractability: false, takesHeapSnapshot: true, takesScreenshot: true, timeouts: {implicit: 0, pageLoad: 300000, script: 30000}, unexpectedAlertBehaviour: ignore, unhandledPromptBehavior: ignore, version: 71.0.3578.98, webStorageEnabled: true}
Session ID: 46662123cdcb0e05b8cbe75cddef2d4a">
      <![CDATA[org.openqa.selenium.WebDriverException: chrome not reachable
  (Session info: chrome=71.0.3578.98)
  (Driver info: chromedriver=2.45.615291 (ec3682e3c9061c10f26ea9e5cdcf3c53f3f74387),platform=Windows NT 10.0.15063 x86_64) (WARNING: The server did not provide any stacktrace information)
Command duration or timeout: 0 milliseconds
Build info: version: '3.141.59', revision: 'e82be7d358', time: '2018-11-14T08:17:03'
System info: host: 'HIBACL61426', ip: '10.0.237.241', os.name: 'Windows 10', os.arch: 'amd64', os.version: '10.0', java.version: '1.8.0_92'
Driver info: org.openqa.selenium.chrome.ChromeDriver
Capabilities {acceptInsecureCerts: false, acceptSslCerts: false, applicationCacheEnabled: false, browserConnectionEnabled: false, browserName: chrome, chrome: {chromedriverVersion: 2.45.615291 (ec3682e3c9061c..., userDataDir: C:\Users\inrdesab\AppData\L...}, cssSelectorsEnabled: true, databaseEnabled: false, goog:chromeOptions: {debuggerAddress: localhost:49985}, handlesAlerts: true, hasTouchScreen: false, javascriptEnabled: true, locationContextEnabled: true, mobileEmulationEnabled: false, nativeEvents: true, networkConnectionEnabled: false, pageLoadStrategy: normal, platform: XP, platformName: XP, proxy: Proxy(), rotatable: false, setWindowRect: true, strictFileInteractability: false, takesHeapSnapshot: true, takesScreenshot: true, timeouts: {implicit: 0, pageLoad: 300000, script: 30000}, unexpectedAlertBehaviour: ignore, unhandledPromptBehavior: ignore, version: 71.0.3578.98, webStorageEnabled: true}
Session ID: 46662123cdcb0e05b8cbe75cddef2d4a
at org.openqa.selenium.remote.ErrorHandler.createThrowable(ErrorHandler.java:214)
at org.openqa.selenium.remote.ErrorHandler.throwIfResponseFailed(ErrorHandler.java:166)
at org.openqa.selenium.remote.http.JsonHttpResponseCodec.reconstructValue(JsonHttpResponseCodec.java:40)
at org.openqa.selenium.remote.http.AbstractHttpResponseCodec.decode(AbstractHttpResponseCodec.java:80)
at org.openqa.selenium.remote.http.AbstractHttpResponseCodec.decode(AbstractHttpResponseCodec.java:44)
at org.openqa.selenium.remote.HttpCommandExecutor.execute(HttpCommandExecutor.java:158)
at org.openqa.selenium.remote.service.DriverCommandExecutor.execute(DriverCommandExecutor.java:83)
at org.openqa.selenium.remote.RemoteWebDriver.execute(RemoteWebDriver.java:552)
at org.openqa.selenium.remote.RemoteWebDriver.get(RemoteWebDriver.java:277)
at com.shopping.Config.TestConfig.startBrowser(TestConfig.java:22)
... Removed 35 stack frames]]>
    </failure>
  </testcase> <!-- @BeforeMethod startBrowser -->
  <testcase name="@AfterMethod endTest" time="0.0" classname="com.shopping.Config.TestConfig">
    <skipped/>
  </testcase> <!-- @AfterMethod endTest -->
  <testcase name="@BeforeMethod startBrowser" time="0.0" classname="com.shopping.Config.TestConfig">
    <skipped/>
  </testcase> <!-- @BeforeMethod startBrowser -->
  <testcase name="@AfterMethod endTest" time="0.0" classname="com.shopping.Config.TestConfig">
    <skipped/>
  </testcase> <!-- @AfterMethod endTest -->
  <testcase name="@BeforeMethod startBrowser" time="0.0" classname="com.shopping.Config.TestConfig">
    <skipped/>
  </testcase> <!-- @BeforeMethod startBrowser -->
  <testcase name="@AfterMethod endTest" time="0.0" classname="com.shopping.Config.TestConfig">
    <skipped/>
  </testcase> <!-- @AfterMethod endTest -->
  <testcase name="@BeforeMethod startBrowser" time="0.0" classname="com.shopping.Config.TestConfig">
    <skipped/>
  </testcase> <!-- @BeforeMethod startBrowser -->
  <testcase name="@AfterMethod endTest" time="0.0" classname="com.shopping.Config.TestConfig">
    <skipped/>
  </testcase> <!-- @AfterMethod endTest -->
  <testcase name="@BeforeMethod startBrowser" time="0.0" classname="com.shopping.Config.TestConfig">
    <skipped/>
  </testcase> <!-- @BeforeMethod startBrowser -->
  <testcase name="@AfterMethod endTest" time="0.0" classname="com.shopping.Config.TestConfig">
    <skipped/>
  </testcase> <!-- @AfterMethod endTest -->
  <testcase name="@BeforeMethod startBrowser" time="0.0" classname="com.shopping.Config.TestConfig">
    <skipped/>
  </testcase> <!-- @BeforeMethod startBrowser -->
  <testcase name="@AfterMethod endTest" time="0.0" classname="com.shopping.Config.TestConfig">
    <skipped/>
  </testcase> <!-- @AfterMethod endTest -->
  <testcase name="@BeforeMethod startBrowser" time="0.0" classname="com.shopping.Config.TestConfig">
    <skipped/>
  </testcase> <!-- @BeforeMethod startBrowser -->
  <testcase name="@AfterMethod endTest" time="0.0" classname="com.shopping.Config.TestConfig">
    <skipped/>
  </testcase> <!-- @AfterMethod endTest -->
  <testcase name="@BeforeMethod startBrowser" time="0.0" classname="com.shopping.Config.TestConfig">
    <skipped/>
  </testcase> <!-- @BeforeMethod startBrowser -->
  <testcase name="@AfterMethod endTest" time="0.0" classname="com.shopping.Config.TestConfig">
    <skipped/>
  </testcase> <!-- @AfterMethod endTest -->
  <testcase name="@BeforeMethod startBrowser" time="0.0" classname="com.shopping.Config.TestConfig">
    <skipped/>
  </testcase> <!-- @BeforeMethod startBrowser -->
  <testcase name="@AfterMethod endTest" time="0.0" classname="com.shopping.Config.TestConfig">
    <skipped/>
  </testcase> <!-- @AfterMethod endTest -->
  <testcase name="@BeforeMethod startBrowser" time="0.0" classname="com.shopping.Config.TestConfig">
    <skipped/>
  </testcase> <!-- @BeforeMethod startBrowser -->
  <testcase name="@AfterMethod endTest" time="0.0" classname="com.shopping.Config.TestConfig">
    <skipped/>
  </testcase> <!-- @AfterMethod endTest -->
  <testcase name="@BeforeMethod startBrowser" time="0.0" classname="com.shopping.Config.TestConfig">
    <skipped/>
  </testcase> <!-- @BeforeMethod startBrowser -->
  <testcase name="@AfterMethod endTest" time="0.0" classname="com.shopping.Config.TestConfig">
    <skipped/>
  </testcase> <!-- @AfterMethod endTest -->
  <testcase name="s_VerifyErrorMessageForInvalidEmailId_102" time="0.0" classname="com.shopping.TestCases.FunctionalTestCases">
    <skipped/>
  </testcase> <!-- s_VerifyErrorMessageForInvalidEmailId_102 -->
  <testcase name="s_VerifyErrorMessageForNoEmailId_103" time="0.0" classname="com.shopping.TestCases.FunctionalTestCases">
    <skipped/>
  </testcase> <!-- s_VerifyErrorMessageForNoEmailId_103 -->
  <testcase name="s_VerifyErrorMessageForNoPassword_104" time="0.0" classname="com.shopping.TestCases.FunctionalTestCases">
    <skipped/>
  </testcase> <!-- s_VerifyErrorMessageForNoPassword_104 -->
  <testcase name="s_VerifyErrorMessageWhenCurrentPasswordFieldIsEmpty_My_Personal_Info_101" time="0.0" classname="com.shopping.TestCases.FunctionalTestCases">
    <skipped/>
  </testcase> <!-- s_VerifyErrorMessageWhenCurrentPasswordFieldIsEmpty_My_Personal_Info_101 -->
  <testcase name="s_VerifyErrorMessageWhenMandatoryFieldsAreEmpty_Register_101" time="0.0" classname="com.shopping.TestCases.FunctionalTestCases">
    <skipped/>
  </testcase> <!-- s_VerifyErrorMessageWhenMandatoryFieldsAreEmpty_Register_101 -->
  <testcase name="s_VerifyErrorWhenRegisteringWithSameEmailAddress_Register_102" time="0.0" classname="com.shopping.TestCases.FunctionalTestCases">
    <skipped/>
  </testcase> <!-- s_VerifyErrorWhenRegisteringWithSameEmailAddress_Register_102 -->
  <testcase name="s_VerifyFieldsPresentOnSignInPage_101" time="0.0" classname="com.shopping.TestCases.FunctionalTestCases">
    <skipped/>
  </testcase> <!-- s_VerifyFieldsPresentOnSignInPage_101 -->
  <testcase name="s_VerifyUserIsAbleToLoginSuccessfully_105" time="0.0" classname="com.shopping.TestCases.FunctionalTestCases">
    <skipped/>
  </testcase> <!-- s_VerifyUserIsAbleToLoginSuccessfully_105 -->
  <testcase name="s_VerifyUserIsAbleToPlaceOrderSuccessfully_E2E_101" time="0.0" classname="com.shopping.TestCases.FunctionalTestCases">
    <skipped/>
  </testcase> <!-- s_VerifyUserIsAbleToPlaceOrderSuccessfully_E2E_101 -->
  <testcase name="s_VerifyUserIsAbleToRegisterSuccessfully_Register_103" time="0.0" classname="com.shopping.TestCases.FunctionalTestCases">
    <skipped/>
  </testcase> <!-- s_VerifyUserIsAbleToRegisterSuccessfully_Register_103 -->
  <testcase name="s_VerifyUserIsAbleToSuccessfullyEditDOB_My_Personal_Info_102" time="0.0" classname="com.shopping.TestCases.FunctionalTestCases">
    <skipped/>
  </testcase> <!-- s_VerifyUserIsAbleToSuccessfullyEditDOB_My_Personal_Info_102 -->
</testsuite> <!-- Shopping -->
