<?xml version="1.0" encoding="UTF-8"?>
<testsuite xmlns:xsi="http://www.w3.org/2001/XMLSchema-instance" xsi:schemaLocation="https://maven.apache.org/surefire/maven-surefire-plugin/xsd/surefire-test-report.xsd" name="TestSuite" time="411.236" tests="13" errors="0" skipped="0" failures="1">
  <properties>
[...]
</properties>
  <testcase name="s_VerifyErrorMessageForInvalidEmailId_102" classname="com.shopping.TestCases.FunctionalTestCases" time="6.549"/>
  <testcase name="s_VerifyErrorMessageForNoEmailId_103" classname="com.shopping.TestCases.FunctionalTestCases" time="6.929"/>
  <testcase name="s_VerifyErrorMessageForNoPassword_104" classname="com.shopping.TestCases.FunctionalTestCases" time="8.03"/>
  <testcase name="s_VerifyErrorMessageWhenCurrentPasswordFieldIsEmpty_My_Personal_Info_101" classname="com.shopping.TestCases.FunctionalTestCases" time="15.065"/>
  <testcase name="s_VerifyErrorMessageWhenMandatoryFieldsAreEmpty_Register_101" classname="com.shopping.TestCases.FunctionalTestCases" time="14.75"/>
  <testcase name="s_VerifyErrorWhenRegisteringWithSameEmailAddress_Register_102" classname="com.shopping.TestCases.FunctionalTestCases" time="6.122"/>
  <testcase name="s_VerifyFieldsPresentOnSignInPage_101" classname="com.shopping.TestCases.FunctionalTestCases" time="6.62"/>
  <testcase name="s_VerifyItemsAddedInCartIsDisplayedOnShoppingCartSummaryPage_CartSummary_101" classname="com.shopping.TestCases.FunctionalTestCases" time="35.492"/>
  <testcase name="s_VerifyUserIsAbleToLoginSuccessfully_105" classname="com.shopping.TestCases.FunctionalTestCases" time="10.205"/>
  <testcase name="s_VerifyUserIsAbleToPlaceOrderSuccessfully_E2E_101" classname="com.shopping.TestCases.FunctionalTestCases" time="47.553"/>
  <testcase name="s_VerifyUserIsAbleToRegisterSuccessfully_Register_103" classname="com.shopping.TestCases.FunctionalTestCases" time="8.357">
    <failure message="no such element: Unable to locate element: {&quot;method&quot;:&quot;xpath&quot;,&quot;selector&quot;:&quot;//h1[contains(text(),&apos;Create an account&apos;)]&quot;}&#10;  (Session info: chrome=73.0.3683.86)&#10;  (Driver info: chromedriver=2.45.615291 (ec3682e3c9061c10f26ea9e5cdcf3c53f3f74387),platform=Windows NT 10.0.17763 x86_64) (WARNING: The server did not provide any stacktrace information)&#10;Command duration or timeout: 0 milliseconds&#10;For documentation on this error, please visit: https://www.seleniumhq.org/exceptions/no_such_element.html&#10;Build info: version: &apos;3.141.59&apos;, revision: &apos;e82be7d358&apos;, time: &apos;2018-11-14T08:17:03&apos;&#10;System info: host: &apos;HIBAIL61426&apos;, ip: &apos;10.0.239.13&apos;, os.name: &apos;Windows 8.1&apos;, os.arch: &apos;amd64&apos;, os.version: &apos;6.3&apos;, java.version: &apos;1.8.0_31&apos;&#10;Driver info: org.openqa.selenium.chrome.ChromeDriver&#10;Capabilities {acceptInsecureCerts: false, acceptSslCerts: false, applicationCacheEnabled: false, browserConnectionEnabled: false, browserName: chrome, chrome: {chromedriverVersion: 2.45.615291 (ec3682e3c9061c..., userDataDir: C:\Users\inrdesab\AppData\L...}, cssSelectorsEnabled: true, databaseEnabled: false, goog:chromeOptions: {debuggerAddress: localhost:65009}, handlesAlerts: true, hasTouchScreen: false, javascriptEnabled: true, locationContextEnabled: true, mobileEmulationEnabled: false, nativeEvents: true, networkConnectionEnabled: false, pageLoadStrategy: normal, platform: XP, platformName: XP, proxy: Proxy(), rotatable: false, setWindowRect: true, strictFileInteractability: false, takesHeapSnapshot: true, takesScreenshot: true, timeouts: {implicit: 0, pageLoad: 300000, script: 30000}, unexpectedAlertBehaviour: ignore, unhandledPromptBehavior: ignore, version: 73.0.3683.86, webStorageEnabled: true}&#10;Session ID: fed28a87eb4dc1b822c4f03e9b720e95&#10;*** Element info: {Using=xpath, value=//h1[contains(text(),&apos;Create an account&apos;)]}" type="org.openqa.selenium.NoSuchElementException">org.openqa.selenium.NoSuchElementException: 
no such element: Unable to locate element: {"method":"xpath","selector":"//h1[contains(text(),'Create an account')]"}
  (Session info: chrome=73.0.3683.86)
  (Driver info: chromedriver=2.45.615291 (ec3682e3c9061c10f26ea9e5cdcf3c53f3f74387),platform=Windows NT 10.0.17763 x86_64) (WARNING: The server did not provide any stacktrace information)
Command duration or timeout: 0 milliseconds
For documentation on this error, please visit: https://www.seleniumhq.org/exceptions/no_such_element.html
Build info: version: '3.141.59', revision: 'e82be7d358', time: '2018-11-14T08:17:03'
System info: host: 'HIBAIL61426', ip: '10.0.239.13', os.name: 'Windows 8.1', os.arch: 'amd64', os.version: '6.3', java.version: '1.8.0_31'
Driver info: org.openqa.selenium.chrome.ChromeDriver
Capabilities {acceptInsecureCerts: false, acceptSslCerts: false, applicationCacheEnabled: false, browserConnectionEnabled: false, browserName: chrome, chrome: {chromedriverVersion: 2.45.615291 (ec3682e3c9061c..., userDataDir: C:\Users\inrdesab\AppData\L...}, cssSelectorsEnabled: true, databaseEnabled: false, goog:chromeOptions: {debuggerAddress: localhost:65009}, handlesAlerts: true, hasTouchScreen: false, javascriptEnabled: true, locationContextEnabled: true, mobileEmulationEnabled: false, nativeEvents: true, networkConnectionEnabled: false, pageLoadStrategy: normal, platform: XP, platformName: XP, proxy: Proxy(), rotatable: false, setWindowRect: true, strictFileInteractability: false, takesHeapSnapshot: true, takesScreenshot: true, timeouts: {implicit: 0, pageLoad: 300000, script: 30000}, unexpectedAlertBehaviour: ignore, unhandledPromptBehavior: ignore, version: 73.0.3683.86, webStorageEnabled: true}
Session ID: fed28a87eb4dc1b822c4f03e9b720e95
*** Element info: {Using=xpath, value=//h1[contains(text(),'Create an account')]}
	at com.shopping.TestCases.FunctionalTestCases.s_VerifyUserIsAbleToRegisterSuccessfully_Register_103(FunctionalTestCases.java:308)
</failure>
    <system-out><![CDATA[Verified CREATE AN ACCOUNT - Label
Enter New Email ID
Click on Create an account Button
]]></system-out>
    <system-err><![CDATA[Starting ChromeDriver 2.45.615291 (ec3682e3c9061c10f26ea9e5cdcf3c53f3f74387) on port 18389
Only local connections are allowed.
Apr 05, 2019 4:32:46 PM org.openqa.selenium.remote.ProtocolHandshake createSession
INFO: Detected dialect: OSS
]]></system-err>
  </testcase>
  <testcase name="s_VerifyUserIsAbleToRemoveItemsFromTheShoppingCartSummaryPage_CartSummary_102" classname="com.shopping.TestCases.FunctionalTestCases" time="25.004"/>
  <testcase name="s_VerifyUserIsAbleToSuccessfullyEditDOB_My_Personal_Info_102" classname="com.shopping.TestCases.FunctionalTestCases" time="18.133"/>
</testsuite>