<?xml version="1.0" encoding="UTF-8"?>
<testng-results skipped="0" failed="1" ignored="0" total="13" passed="12">
  <reporter-output>
  </reporter-output>
  <suite name="Suite" duration-ms="410198" started-at="2019-04-05T10:57:28Z" finished-at="2019-04-05T11:04:18Z">
    <groups>
    </groups>
    <test name="Shopping" duration-ms="410198" started-at="2019-04-05T10:57:28Z" finished-at="2019-04-05T11:04:18Z">
      <class name="com.shopping.TestCases.FunctionalTestCases">
        <test-method status="PASS" signature="startBrowser()[pri:0, instance:com.shopping.TestCases.FunctionalTestCases@13969fbe]" name="startBrowser" is-config="true" duration-ms="14747" started-at="2019-04-05T10:57:28Z" finished-at="2019-04-05T10:57:43Z">
          <reporter-output>
          </reporter-output>
        </test-method> <!-- startBrowser -->
        <test-method status="PASS" signature="s_VerifyErrorMessageForInvalidEmailId_102()[pri:0, instance:com.shopping.TestCases.FunctionalTestCases@13969fbe]" name="s_VerifyErrorMessageForInvalidEmailId_102" duration-ms="6549" started-at="2019-04-05T10:57:43Z" finished-at="2019-04-05T10:57:49Z">
          <reporter-output>
          </reporter-output>
        </test-method> <!-- s_VerifyErrorMessageForInvalidEmailId_102 -->
        <test-method status="PASS" signature="endTest()[pri:0, instance:com.shopping.TestCases.FunctionalTestCases@13969fbe]" name="endTest" is-config="true" duration-ms="782" started-at="2019-04-05T10:57:49Z" finished-at="2019-04-05T10:57:50Z">
          <reporter-output>
          </reporter-output>
        </test-method> <!-- endTest -->
        <test-method status="PASS" signature="startBrowser()[pri:0, instance:com.shopping.TestCases.FunctionalTestCases@13969fbe]" name="startBrowser" is-config="true" duration-ms="13354" started-at="2019-04-05T10:57:50Z" finished-at="2019-04-05T10:58:03Z">
          <reporter-output>
          </reporter-output>
        </test-method> <!-- startBrowser -->
        <test-method status="PASS" signature="s_VerifyErrorMessageForNoEmailId_103()[pri:0, instance:com.shopping.TestCases.FunctionalTestCases@13969fbe]" name="s_VerifyErrorMessageForNoEmailId_103" duration-ms="6931" started-at="2019-04-05T10:58:03Z" finished-at="2019-04-05T10:58:10Z">
          <reporter-output>
          </reporter-output>
        </test-method> <!-- s_VerifyErrorMessageForNoEmailId_103 -->
        <test-method status="PASS" signature="endTest()[pri:0, instance:com.shopping.TestCases.FunctionalTestCases@13969fbe]" name="endTest" is-config="true" duration-ms="816" started-at="2019-04-05T10:58:10Z" finished-at="2019-04-05T10:58:11Z">
          <reporter-output>
          </reporter-output>
        </test-method> <!-- endTest -->
        <test-method status="PASS" signature="startBrowser()[pri:0, instance:com.shopping.TestCases.FunctionalTestCases@13969fbe]" name="startBrowser" is-config="true" duration-ms="13514" started-at="2019-04-05T10:58:11Z" finished-at="2019-04-05T10:58:25Z">
          <reporter-output>
          </reporter-output>
        </test-method> <!-- startBrowser -->
        <test-method status="PASS" signature="s_VerifyErrorMessageForNoPassword_104()[pri:0, instance:com.shopping.TestCases.FunctionalTestCases@13969fbe]" name="s_VerifyErrorMessageForNoPassword_104" duration-ms="8031" started-at="2019-04-05T10:58:25Z" finished-at="2019-04-05T10:58:33Z">
          <reporter-output>
          </reporter-output>
        </test-method> <!-- s_VerifyErrorMessageForNoPassword_104 -->
        <test-method status="PASS" signature="endTest()[pri:0, instance:com.shopping.TestCases.FunctionalTestCases@13969fbe]" name="endTest" is-config="true" duration-ms="773" started-at="2019-04-05T10:58:33Z" finished-at="2019-04-05T10:58:33Z">
          <reporter-output>
          </reporter-output>
        </test-method> <!-- endTest -->
        <test-method status="PASS" signature="startBrowser()[pri:0, instance:com.shopping.TestCases.FunctionalTestCases@13969fbe]" name="startBrowser" is-config="true" duration-ms="14227" started-at="2019-04-05T10:58:33Z" finished-at="2019-04-05T10:58:48Z">
          <reporter-output>
          </reporter-output>
        </test-method> <!-- startBrowser -->
        <test-method status="PASS" signature="s_VerifyErrorMessageWhenCurrentPasswordFieldIsEmpty_My_Personal_Info_101()[pri:0, instance:com.shopping.TestCases.FunctionalTestCases@13969fbe]" name="s_VerifyErrorMessageWhenCurrentPasswordFieldIsEmpty_My_Personal_Info_101" duration-ms="15065" started-at="2019-04-05T10:58:48Z" finished-at="2019-04-05T10:59:03Z">
          <reporter-output>
          </reporter-output>
        </test-method> <!-- s_VerifyErrorMessageWhenCurrentPasswordFieldIsEmpty_My_Personal_Info_101 -->
        <test-method status="PASS" signature="endTest()[pri:0, instance:com.shopping.TestCases.FunctionalTestCases@13969fbe]" name="endTest" is-config="true" duration-ms="786" started-at="2019-04-05T10:59:03Z" finished-at="2019-04-05T10:59:04Z">
          <reporter-output>
          </reporter-output>
        </test-method> <!-- endTest -->
        <test-method status="PASS" signature="startBrowser()[pri:0, instance:com.shopping.TestCases.FunctionalTestCases@13969fbe]" name="startBrowser" is-config="true" duration-ms="14998" started-at="2019-04-05T10:59:04Z" finished-at="2019-04-05T10:59:19Z">
          <reporter-output>
          </reporter-output>
        </test-method> <!-- startBrowser -->
        <test-method status="PASS" signature="s_VerifyErrorMessageWhenMandatoryFieldsAreEmpty_Register_101()[pri:0, instance:com.shopping.TestCases.FunctionalTestCases@13969fbe]" name="s_VerifyErrorMessageWhenMandatoryFieldsAreEmpty_Register_101" duration-ms="14751" started-at="2019-04-05T10:59:19Z" finished-at="2019-04-05T10:59:33Z">
          <reporter-output>
          </reporter-output>
        </test-method> <!-- s_VerifyErrorMessageWhenMandatoryFieldsAreEmpty_Register_101 -->
        <test-method status="PASS" signature="endTest()[pri:0, instance:com.shopping.TestCases.FunctionalTestCases@13969fbe]" name="endTest" is-config="true" duration-ms="860" started-at="2019-04-05T10:59:33Z" finished-at="2019-04-05T10:59:34Z">
          <reporter-output>
          </reporter-output>
        </test-method> <!-- endTest -->
        <test-method status="PASS" signature="startBrowser()[pri:0, instance:com.shopping.TestCases.FunctionalTestCases@13969fbe]" name="startBrowser" is-config="true" duration-ms="13592" started-at="2019-04-05T10:59:34Z" finished-at="2019-04-05T10:59:48Z">
          <reporter-output>
          </reporter-output>
        </test-method> <!-- startBrowser -->
        <test-method status="PASS" signature="s_VerifyErrorWhenRegisteringWithSameEmailAddress_Register_102()[pri:0, instance:com.shopping.TestCases.FunctionalTestCases@13969fbe]" name="s_VerifyErrorWhenRegisteringWithSameEmailAddress_Register_102" duration-ms="6123" started-at="2019-04-05T10:59:48Z" finished-at="2019-04-05T10:59:54Z">
          <reporter-output>
          </reporter-output>
        </test-method> <!-- s_VerifyErrorWhenRegisteringWithSameEmailAddress_Register_102 -->
        <test-method status="PASS" signature="endTest()[pri:0, instance:com.shopping.TestCases.FunctionalTestCases@13969fbe]" name="endTest" is-config="true" duration-ms="748" started-at="2019-04-05T10:59:54Z" finished-at="2019-04-05T10:59:55Z">
          <reporter-output>
          </reporter-output>
        </test-method> <!-- endTest -->
        <test-method status="PASS" signature="startBrowser()[pri:0, instance:com.shopping.TestCases.FunctionalTestCases@13969fbe]" name="startBrowser" is-config="true" duration-ms="14384" started-at="2019-04-05T10:59:55Z" finished-at="2019-04-05T11:00:09Z">
          <reporter-output>
          </reporter-output>
        </test-method> <!-- startBrowser -->
        <test-method status="PASS" signature="s_VerifyFieldsPresentOnSignInPage_101()[pri:0, instance:com.shopping.TestCases.FunctionalTestCases@13969fbe]" name="s_VerifyFieldsPresentOnSignInPage_101" duration-ms="6621" started-at="2019-04-05T11:00:09Z" finished-at="2019-04-05T11:00:16Z">
          <reporter-output>
          </reporter-output>
        </test-method> <!-- s_VerifyFieldsPresentOnSignInPage_101 -->
        <test-method status="PASS" signature="endTest()[pri:0, instance:com.shopping.TestCases.FunctionalTestCases@13969fbe]" name="endTest" is-config="true" duration-ms="858" started-at="2019-04-05T11:00:16Z" finished-at="2019-04-05T11:00:16Z">
          <reporter-output>
          </reporter-output>
        </test-method> <!-- endTest -->
        <test-method status="PASS" signature="startBrowser()[pri:0, instance:com.shopping.TestCases.FunctionalTestCases@13969fbe]" name="startBrowser" is-config="true" duration-ms="15024" started-at="2019-04-05T11:00:16Z" finished-at="2019-04-05T11:00:31Z">
          <reporter-output>
          </reporter-output>
        </test-method> <!-- startBrowser -->
        <test-method status="PASS" signature="s_VerifyItemsAddedInCartIsDisplayedOnShoppingCartSummaryPage_CartSummary_101()[pri:0, instance:com.shopping.TestCases.FunctionalTestCases@13969fbe]" name="s_VerifyItemsAddedInCartIsDisplayedOnShoppingCartSummaryPage_CartSummary_101" duration-ms="35498" started-at="2019-04-05T11:00:31Z" finished-at="2019-04-05T11:01:07Z">
          <reporter-output>
          </reporter-output>
        </test-method> <!-- s_VerifyItemsAddedInCartIsDisplayedOnShoppingCartSummaryPage_CartSummary_101 -->
        <test-method status="PASS" signature="endTest()[pri:0, instance:com.shopping.TestCases.FunctionalTestCases@13969fbe]" name="endTest" is-config="true" duration-ms="1006" started-at="2019-04-05T11:01:07Z" finished-at="2019-04-05T11:01:08Z">
          <reporter-output>
          </reporter-output>
        </test-method> <!-- endTest -->
        <test-method status="PASS" signature="startBrowser()[pri:0, instance:com.shopping.TestCases.FunctionalTestCases@13969fbe]" name="startBrowser" is-config="true" duration-ms="16151" started-at="2019-04-05T11:01:08Z" finished-at="2019-04-05T11:01:24Z">
          <reporter-output>
          </reporter-output>
        </test-method> <!-- startBrowser -->
        <test-method status="PASS" signature="s_VerifyUserIsAbleToLoginSuccessfully_105()[pri:0, instance:com.shopping.TestCases.FunctionalTestCases@13969fbe]" name="s_VerifyUserIsAbleToLoginSuccessfully_105" duration-ms="10204" started-at="2019-04-05T11:01:24Z" finished-at="2019-04-05T11:01:34Z">
          <reporter-output>
          </reporter-output>
        </test-method> <!-- s_VerifyUserIsAbleToLoginSuccessfully_105 -->
        <test-method status="PASS" signature="endTest()[pri:0, instance:com.shopping.TestCases.FunctionalTestCases@13969fbe]" name="endTest" is-config="true" duration-ms="1077" started-at="2019-04-05T11:01:34Z" finished-at="2019-04-05T11:01:35Z">
          <reporter-output>
          </reporter-output>
        </test-method> <!-- endTest -->
        <test-method status="PASS" signature="startBrowser()[pri:0, instance:com.shopping.TestCases.FunctionalTestCases@13969fbe]" name="startBrowser" is-config="true" duration-ms="15978" started-at="2019-04-05T11:01:35Z" finished-at="2019-04-05T11:01:51Z">
          <reporter-output>
          </reporter-output>
        </test-method> <!-- startBrowser -->
        <test-method status="PASS" signature="s_VerifyUserIsAbleToPlaceOrderSuccessfully_E2E_101()[pri:0, instance:com.shopping.TestCases.FunctionalTestCases@13969fbe]" name="s_VerifyUserIsAbleToPlaceOrderSuccessfully_E2E_101" duration-ms="47553" started-at="2019-04-05T11:01:51Z" finished-at="2019-04-05T11:02:39Z">
          <reporter-output>
          </reporter-output>
        </test-method> <!-- s_VerifyUserIsAbleToPlaceOrderSuccessfully_E2E_101 -->
        <test-method status="PASS" signature="endTest()[pri:0, instance:com.shopping.TestCases.FunctionalTestCases@13969fbe]" name="endTest" is-config="true" duration-ms="795" started-at="2019-04-05T11:02:39Z" finished-at="2019-04-05T11:02:40Z">
          <reporter-output>
          </reporter-output>
        </test-method> <!-- endTest -->
        <test-method status="PASS" signature="startBrowser()[pri:0, instance:com.shopping.TestCases.FunctionalTestCases@13969fbe]" name="startBrowser" is-config="true" duration-ms="15314" started-at="2019-04-05T11:02:40Z" finished-at="2019-04-05T11:02:55Z">
          <reporter-output>
          </reporter-output>
        </test-method> <!-- startBrowser -->
        <test-method status="FAIL" signature="s_VerifyUserIsAbleToRegisterSuccessfully_Register_103()[pri:0, instance:com.shopping.TestCases.FunctionalTestCases@13969fbe]" name="s_VerifyUserIsAbleToRegisterSuccessfully_Register_103" duration-ms="8347" started-at="2019-04-05T11:02:55Z" finished-at="2019-04-05T11:03:03Z">
          <exception class="org.openqa.selenium.NoSuchElementException">
            <message>
              <![CDATA[no such element: Unable to locate element: {"method":"xpath","selector":"//h1[contains(text(),'Create an account')]"}
  (Session info: chrome=73.0.3683.86)
  (Driver info: chromedriver=2.45.615291 (ec3682e3c9061c10f26ea9e5cdcf3c53f3f74387),platform=Windows NT 10.0.17763 x86_64) (WARNING: The server did not provide any stacktrace information)
Command duration or timeout: 0 milliseconds
For documentation on this error, please visit: https://www.seleniumhq.org/exceptions/no_such_element.html
Build info: version: '3.141.59', revision: 'e82be7d358', time: '2018-11-14T08:17:03'
System info: host: 'HIBAIL61426', ip: '10.0.239.13', os.name: 'Windows 8.1', os.arch: 'amd64', os.version: '6.3', java.version: '1.8.0_31'
Driver info: org.openqa.selenium.chrome.ChromeDriver
Capabilities {acceptInsecureCerts: false, acceptSslCerts: false, applicationCacheEnabled: false, browserConnectionEnabled: false, browserName: chrome, chrome: {chromedriverVersion: 2.45.615291 (ec3682e3c9061c..., userDataDir: C:\Users\inrdesab\AppData\L...}, cssSelectorsEnabled: true, databaseEnabled: false, goog:chromeOptions: {debuggerAddress: localhost:65009}, handlesAlerts: true, hasTouchScreen: false, javascriptEnabled: true, locationContextEnabled: true, mobileEmulationEnabled: false, nativeEvents: true, networkConnectionEnabled: false, pageLoadStrategy: normal, platform: XP, platformName: XP, proxy: Proxy(), rotatable: false, setWindowRect: true, strictFileInteractability: false, takesHeapSnapshot: true, takesScreenshot: true, timeouts: {implicit: 0, pageLoad: 300000, script: 30000}, unexpectedAlertBehaviour: ignore, unhandledPromptBehavior: ignore, version: 73.0.3683.86, webStorageEnabled: true}
Session ID: fed28a87eb4dc1b822c4f03e9b720e95
*** Element info: {Using=xpath, value=//h1[contains(text(),'Create an account')]}]]>
            </message>
            <full-stacktrace>
              <![CDATA[org.openqa.selenium.NoSuchElementException: no such element: Unable to locate element: {"method":"xpath","selector":"//h1[contains(text(),'Create an account')]"}
  (Session info: chrome=73.0.3683.86)
  (Driver info: chromedriver=2.45.615291 (ec3682e3c9061c10f26ea9e5cdcf3c53f3f74387),platform=Windows NT 10.0.17763 x86_64) (WARNING: The server did not provide any stacktrace information)
Command duration or timeout: 0 milliseconds
For documentation on this error, please visit: https://www.seleniumhq.org/exceptions/no_such_element.html
Build info: version: '3.141.59', revision: 'e82be7d358', time: '2018-11-14T08:17:03'
System info: host: 'HIBAIL61426', ip: '10.0.239.13', os.name: 'Windows 8.1', os.arch: 'amd64', os.version: '6.3', java.version: '1.8.0_31'
Driver info: org.openqa.selenium.chrome.ChromeDriver
Capabilities {acceptInsecureCerts: false, acceptSslCerts: false, applicationCacheEnabled: false, browserConnectionEnabled: false, browserName: chrome, chrome: {chromedriverVersion: 2.45.615291 (ec3682e3c9061c..., userDataDir: C:\Users\inrdesab\AppData\L...}, cssSelectorsEnabled: true, databaseEnabled: false, goog:chromeOptions: {debuggerAddress: localhost:65009}, handlesAlerts: true, hasTouchScreen: false, javascriptEnabled: true, locationContextEnabled: true, mobileEmulationEnabled: false, nativeEvents: true, networkConnectionEnabled: false, pageLoadStrategy: normal, platform: XP, platformName: XP, proxy: Proxy(), rotatable: false, setWindowRect: true, strictFileInteractability: false, takesHeapSnapshot: true, takesScreenshot: true, timeouts: {implicit: 0, pageLoad: 300000, script: 30000}, unexpectedAlertBehaviour: ignore, unhandledPromptBehavior: ignore, version: 73.0.3683.86, webStorageEnabled: true}
Session ID: fed28a87eb4dc1b822c4f03e9b720e95
*** Element info: {Using=xpath, value=//h1[contains(text(),'Create an account')]}
at sun.reflect.NativeConstructorAccessorImpl.newInstance0(Native Method)
at sun.reflect.NativeConstructorAccessorImpl.newInstance(NativeConstructorAccessorImpl.java:62)
at sun.reflect.DelegatingConstructorAccessorImpl.newInstance(DelegatingConstructorAccessorImpl.java:45)
at java.lang.reflect.Constructor.newInstance(Constructor.java:408)
at org.openqa.selenium.remote.ErrorHandler.createThrowable(ErrorHandler.java:214)
at org.openqa.selenium.remote.ErrorHandler.throwIfResponseFailed(ErrorHandler.java:166)
at org.openqa.selenium.remote.http.JsonHttpResponseCodec.reconstructValue(JsonHttpResponseCodec.java:40)
at org.openqa.selenium.remote.http.AbstractHttpResponseCodec.decode(AbstractHttpResponseCodec.java:80)
at org.openqa.selenium.remote.http.AbstractHttpResponseCodec.decode(AbstractHttpResponseCodec.java:44)
at org.openqa.selenium.remote.HttpCommandExecutor.execute(HttpCommandExecutor.java:158)
at org.openqa.selenium.remote.service.DriverCommandExecutor.execute(DriverCommandExecutor.java:83)
at org.openqa.selenium.remote.RemoteWebDriver.execute(RemoteWebDriver.java:552)
at org.openqa.selenium.remote.RemoteWebDriver.findElement(RemoteWebDriver.java:323)
at org.openqa.selenium.remote.RemoteWebDriver.findElementByXPath(RemoteWebDriver.java:428)
at org.openqa.selenium.By$ByXPath.findElement(By.java:353)
at org.openqa.selenium.remote.RemoteWebDriver.findElement(RemoteWebDriver.java:315)
at org.openqa.selenium.support.pagefactory.DefaultElementLocator.findElement(DefaultElementLocator.java:69)
at org.openqa.selenium.support.pagefactory.internal.LocatingElementHandler.invoke(LocatingElementHandler.java:38)
at com.sun.proxy.$Proxy7.isDisplayed(Unknown Source)
at com.shopping.PageObjects.RegistrationModule.Register(RegistrationModule.java:74)
at com.shopping.TestCases.FunctionalTestCases.s_VerifyUserIsAbleToRegisterSuccessfully_Register_103(FunctionalTestCases.java:308)
at sun.reflect.NativeMethodAccessorImpl.invoke0(Native Method)
at sun.reflect.NativeMethodAccessorImpl.invoke(NativeMethodAccessorImpl.java:62)
at sun.reflect.DelegatingMethodAccessorImpl.invoke(DelegatingMethodAccessorImpl.java:43)
at java.lang.reflect.Method.invoke(Method.java:483)
at org.testng.internal.MethodInvocationHelper.invokeMethod(MethodInvocationHelper.java:124)
at org.testng.internal.Invoker.invokeMethod(Invoker.java:583)
at org.testng.internal.Invoker.invokeTestMethod(Invoker.java:719)
at org.testng.internal.Invoker.invokeTestMethods(Invoker.java:989)
at org.testng.internal.TestMethodWorker.invokeTestMethods(TestMethodWorker.java:125)
at org.testng.internal.TestMethodWorker.run(TestMethodWorker.java:109)
at org.testng.TestRunner.privateRun(TestRunner.java:648)
at org.testng.TestRunner.run(TestRunner.java:505)
at org.testng.SuiteRunner.runTest(SuiteRunner.java:455)
at org.testng.SuiteRunner.runSequentially(SuiteRunner.java:450)
at org.testng.SuiteRunner.privateRun(SuiteRunner.java:415)
at org.testng.SuiteRunner.run(SuiteRunner.java:364)
at org.testng.SuiteRunnerWorker.runSuite(SuiteRunnerWorker.java:52)
at org.testng.SuiteRunnerWorker.run(SuiteRunnerWorker.java:84)
at org.testng.TestNG.runSuitesSequentially(TestNG.java:1208)
at org.testng.TestNG.runSuitesLocally(TestNG.java:1137)
at org.testng.TestNG.runSuites(TestNG.java:1049)
at org.testng.TestNG.run(TestNG.java:1017)
at org.apache.maven.surefire.testng.TestNGExecutor.run(TestNGExecutor.java:281)
at org.apache.maven.surefire.testng.TestNGXmlTestSuite.execute(TestNGXmlTestSuite.java:75)
at org.apache.maven.surefire.testng.TestNGProvider.invoke(TestNGProvider.java:121)
at org.apache.maven.surefire.booter.ForkedBooter.invokeProviderInSameClassLoader(ForkedBooter.java:290)
at org.apache.maven.surefire.booter.ForkedBooter.runSuitesInProcess(ForkedBooter.java:242)
at org.apache.maven.surefire.booter.ForkedBooter.main(ForkedBooter.java:121)
]]>
            </full-stacktrace>
          </exception> <!-- org.openqa.selenium.NoSuchElementException -->
          <reporter-output>
          </reporter-output>
        </test-method> <!-- s_VerifyUserIsAbleToRegisterSuccessfully_Register_103 -->
        <test-method status="PASS" signature="endTest()[pri:0, instance:com.shopping.TestCases.FunctionalTestCases@13969fbe]" name="endTest" is-config="true" duration-ms="736" started-at="2019-04-05T11:03:03Z" finished-at="2019-04-05T11:03:04Z">
          <reporter-output>
          </reporter-output>
        </test-method> <!-- endTest -->
        <test-method status="PASS" signature="startBrowser()[pri:0, instance:com.shopping.TestCases.FunctionalTestCases@13969fbe]" name="startBrowser" is-config="true" duration-ms="13450" started-at="2019-04-05T11:03:04Z" finished-at="2019-04-05T11:03:18Z">
          <reporter-output>
          </reporter-output>
        </test-method> <!-- startBrowser -->
        <test-method status="PASS" signature="s_VerifyUserIsAbleToRemoveItemsFromTheShoppingCartSummaryPage_CartSummary_102()[pri:0, instance:com.shopping.TestCases.FunctionalTestCases@13969fbe]" name="s_VerifyUserIsAbleToRemoveItemsFromTheShoppingCartSummaryPage_CartSummary_102" duration-ms="25005" started-at="2019-04-05T11:03:18Z" finished-at="2019-04-05T11:03:43Z">
          <reporter-output>
          </reporter-output>
        </test-method> <!-- s_VerifyUserIsAbleToRemoveItemsFromTheShoppingCartSummaryPage_CartSummary_102 -->
        <test-method status="PASS" signature="endTest()[pri:0, instance:com.shopping.TestCases.FunctionalTestCases@13969fbe]" name="endTest" is-config="true" duration-ms="776" started-at="2019-04-05T11:03:43Z" finished-at="2019-04-05T11:03:43Z">
          <reporter-output>
          </reporter-output>
        </test-method> <!-- endTest -->
        <test-method status="PASS" signature="startBrowser()[pri:0, instance:com.shopping.TestCases.FunctionalTestCases@13969fbe]" name="startBrowser" is-config="true" duration-ms="15845" started-at="2019-04-05T11:03:43Z" finished-at="2019-04-05T11:03:59Z">
          <reporter-output>
          </reporter-output>
        </test-method> <!-- startBrowser -->
        <test-method status="PASS" signature="s_VerifyUserIsAbleToSuccessfullyEditDOB_My_Personal_Info_102()[pri:0, instance:com.shopping.TestCases.FunctionalTestCases@13969fbe]" name="s_VerifyUserIsAbleToSuccessfullyEditDOB_My_Personal_Info_102" duration-ms="18134" started-at="2019-04-05T11:03:59Z" finished-at="2019-04-05T11:04:17Z">
          <reporter-output>
          </reporter-output>
        </test-method> <!-- s_VerifyUserIsAbleToSuccessfullyEditDOB_My_Personal_Info_102 -->
        <test-method status="PASS" signature="endTest()[pri:0, instance:com.shopping.TestCases.FunctionalTestCases@13969fbe]" name="endTest" is-config="true" duration-ms="729" started-at="2019-04-05T11:04:17Z" finished-at="2019-04-05T11:04:18Z">
          <reporter-output>
          </reporter-output>
        </test-method> <!-- endTest -->
      </class> <!-- com.shopping.TestCases.FunctionalTestCases -->
    </test> <!-- Shopping -->
  </suite> <!-- Suite -->
</testng-results>
