<?xml version="1.0" encoding="UTF-8"?>
<!-- Generated by org.testng.reporters.JUnitXMLReporter -->
<testsuite hostname="HIBACL61426" ignored="0" name="Register" tests="13" failures="0" timestamp="02 Jan 2019 07:25:33 GMT" time="428.448" errors="0">
  <testcase name="s_VerifyFieldsPresentOnSignInPage_101" time="5.948" classname="com.shopping.TestCases.FunctionalTestCases"/>
  <testcase name="s_VerifyErrorMessageForInvalidEmailId_102" time="8.019" classname="com.shopping.TestCases.FunctionalTestCases"/>
  <testcase name="s_VerifyErrorMessageForNoEmailId_103" time="8.998" classname="com.shopping.TestCases.FunctionalTestCases"/>
  <testcase name="s_VerifyErrorMessageForNoPassword_104" time="11.459" classname="com.shopping.TestCases.FunctionalTestCases"/>
  <testcase name="s_VerifyUserIsAbleToLoginSuccessfully_105" time="9.284" classname="com.shopping.TestCases.FunctionalTestCases"/>
  <testcase name="s_VerifyErrorMessageWhenCurrentPasswordFieldIsEmpty_My_Personal_Info_101" time="17.462" classname="com.shopping.TestCases.FunctionalTestCases"/>
  <testcase name="s_VerifyUserIsAbleToSuccessfullyEditDOB_My_Personal_Info_102" time="23.404" classname="com.shopping.TestCases.FunctionalTestCases"/>
  <testcase name="s_VerifyErrorMessageWhenMandatoryFieldsAreEmpty_Register_101" time="19.477" classname="com.shopping.TestCases.FunctionalTestCases"/>
  <testcase name="s_VerifyErrorWhenRegisteringWithSameEmailAddress_Register_102" time="12.234" classname="com.shopping.TestCases.FunctionalTestCases"/>
  <testcase name="s_VerifyUserIsAbleToRegisterSuccessfully_Register_103" time="14.321" classname="com.shopping.TestCases.FunctionalTestCases"/>
  <testcase name="s_VerifyUserIsAbleToPlaceOrderSuccessfully_E2E_101" time="40.472" classname="com.shopping.TestCases.FunctionalTestCases"/>
  <testcase name="s_VerifyItemsAddedInCartIsDisplayedOnShoppingCartSummaryPage_CartSummary_101" time="26.992" classname="com.shopping.TestCases.FunctionalTestCases"/>
  <testcase name="s_VerifyUserIsAbleToRemoveItemsFromTheShoppingCartSummaryPage_CartSummary_102" time="23.556" classname="com.shopping.TestCases.FunctionalTestCases"/>
</testsuite> <!-- Register -->
